/*C1*/SET SCHEMA PUBLIC
CONNECT USER SA
/*C2*/SET SCHEMA PUBLIC
CONNECT USER SA
/*C3*/SET SCHEMA PUBLIC
CONNECT USER SA
SET AUTOCOMMIT FALSE
DELETE FROM OFID WHERE IDTYPE=19
INSERT INTO OFID VALUES(19,16)
COMMIT
SET AUTOCOMMIT TRUE
/*C1*/INSERT INTO OFOFFLINE VALUES('admin',11,'001614716869862',146,'<message from="60ef9ac3771f" to="admin@60ef9ac3771f"><body>Une mise \u00e0 jour de serveur ou de plugin est disponible: Openfire 4.6.2</body></message>')
/*C2*/DELETE FROM OFPROPERTY WHERE NAME='update.lastCheck'
INSERT INTO OFPROPERTY VALUES('update.lastCheck','1614716870033')
/*C3*/SET AUTOCOMMIT FALSE
SET AUTOCOMMIT TRUE
/*C1*/SET AUTOCOMMIT FALSE
SET AUTOCOMMIT TRUE
/*C2*/SET AUTOCOMMIT FALSE
SET AUTOCOMMIT TRUE
DELETE FROM OFPRESENCE WHERE USERNAME='me'
/*C1*/SET AUTOCOMMIT FALSE
DELETE FROM OFUSER WHERE USERNAME='me'
COMMIT
SET AUTOCOMMIT TRUE
/*C2*/SET AUTOCOMMIT FALSE
DELETE FROM OFID WHERE IDTYPE=25
INSERT INTO OFID VALUES(25,4)
COMMIT
SET AUTOCOMMIT TRUE
/*C3*/INSERT INTO OFSECURITYAUDITLOG VALUES(3,'admin',1614717752965,'deleted user me','60ef9ac3771f','full jid was me@60ef9ac3771f')
/*C1*/DELETE FROM OFPRESENCE WHERE USERNAME='you'
/*C3*/SET AUTOCOMMIT FALSE
DELETE FROM OFUSER WHERE USERNAME='you'
COMMIT
SET AUTOCOMMIT TRUE
/*C1*/SET AUTOCOMMIT FALSE
DELETE FROM OFID WHERE IDTYPE=25
INSERT INTO OFID VALUES(25,5)
COMMIT
SET AUTOCOMMIT TRUE
/*C2*/INSERT INTO OFSECURITYAUDITLOG VALUES(4,'admin',1614717755062,'deleted user you','60ef9ac3771f','full jid was you@60ef9ac3771f')
/*C1*/INSERT INTO OFUSER VALUES('serveur',NULL,'e9722208dcac8b4ee667969938b2e0ebb03735b81b2898a7','Serveur Web','serveur_web@iot.com','001614717791369','001614717791369')
/*C2*/SET AUTOCOMMIT FALSE
DELETE FROM OFID WHERE IDTYPE=25
INSERT INTO OFID VALUES(25,6)
COMMIT
SET AUTOCOMMIT TRUE
/*C3*/INSERT INTO OFSECURITYAUDITLOG VALUES(5,'admin',1614717791382,'created new user serveur','60ef9ac3771f','name = Serveur Web, email = serveur_web@iot.com, admin = false')
/*C1*/SET AUTOCOMMIT FALSE
SET AUTOCOMMIT TRUE
/*C3*/INSERT INTO OFUSER VALUES('bdd',NULL,'888b733c00b67cab653d556e53e56f2f02bef1f6ec1f77e3','Base de donn\u00e9es','bdd@iot.com','001614717803718','001614717803718')
/*C1*/SET AUTOCOMMIT FALSE
DELETE FROM OFID WHERE IDTYPE=25
INSERT INTO OFID VALUES(25,7)
COMMIT
SET AUTOCOMMIT TRUE
/*C2*/INSERT INTO OFSECURITYAUDITLOG VALUES(6,'admin',1614717803721,'created new user bdd','60ef9ac3771f','name = Base de donn\u00e9es, email = bdd@iot.com, admin = false')
/*C3*/INSERT INTO OFUSER VALUES('passerelle',NULL,'8cdc4c980c02af5fd7a099eacd6b15822b697080d01e8ab7','passerelle','pass@iot.com','001614717892936','001614717892936')
/*C1*/SET AUTOCOMMIT FALSE
DELETE FROM OFID WHERE IDTYPE=25
INSERT INTO OFID VALUES(25,8)
COMMIT
SET AUTOCOMMIT TRUE
/*C2*/INSERT INTO OFSECURITYAUDITLOG VALUES(7,'admin',1614717892940,'created new user passerelle','60ef9ac3771f','name = passerelle, email = pass@iot.com, admin = false')
/*C1*/SET AUTOCOMMIT FALSE
SET AUTOCOMMIT TRUE
/*C2*/SET AUTOCOMMIT FALSE
SET AUTOCOMMIT TRUE
/*C1*/INSERT INTO OFPRESENCE VALUES('bdd',NULL,'001614718689086')
/*C2*/SET AUTOCOMMIT FALSE
SET AUTOCOMMIT TRUE
/*C1*/SET AUTOCOMMIT FALSE
DELETE FROM OFUSER WHERE USERNAME='serveur'
COMMIT
SET AUTOCOMMIT TRUE
/*C2*/SET AUTOCOMMIT FALSE
DELETE FROM OFID WHERE IDTYPE=25
INSERT INTO OFID VALUES(25,9)
COMMIT
SET AUTOCOMMIT TRUE
/*C3*/INSERT INTO OFSECURITYAUDITLOG VALUES(8,'admin',1614718708194,'deleted user serveur','60ef9ac3771f','full jid was serveur@60ef9ac3771f')
/*C1*/INSERT INTO OFUSER VALUES('serv',NULL,'d902591fe3e6904a8cd204cd9a2002e48851fcecfbb8e8a7','serv','serv@iot.com','001614718724386','001614718724386')
/*C2*/SET AUTOCOMMIT FALSE
DELETE FROM OFID WHERE IDTYPE=25
INSERT INTO OFID VALUES(25,10)
COMMIT
SET AUTOCOMMIT TRUE
/*C3*/INSERT INTO OFSECURITYAUDITLOG VALUES(9,'admin',1614718724389,'created new user serv','60ef9ac3771f','name = serv, email = serv@iot.com, admin = false')
/*C1*/DELETE FROM OFPRESENCE WHERE USERNAME='bdd'
/*C3*/INSERT INTO OFPRESENCE VALUES('bdd',NULL,'001614718750269')
SET AUTOCOMMIT FALSE
DELETE FROM OFUSER WHERE USERNAME='passerelle'
COMMIT
SET AUTOCOMMIT TRUE
/*C1*/SET AUTOCOMMIT FALSE
DELETE FROM OFID WHERE IDTYPE=25
INSERT INTO OFID VALUES(25,11)
COMMIT
SET AUTOCOMMIT TRUE
/*C2*/INSERT INTO OFSECURITYAUDITLOG VALUES(10,'admin',1614718770864,'deleted user passerelle','60ef9ac3771f','full jid was passerelle@60ef9ac3771f')
/*C3*/INSERT INTO OFUSER VALUES('pass',NULL,'341cb6a92793bc33e53c4a3c238e580538c4b57d1a2e3948','pass','pass@iot.com','001614718780936','001614718780936')
/*C1*/SET AUTOCOMMIT FALSE
DELETE FROM OFID WHERE IDTYPE=25
INSERT INTO OFID VALUES(25,12)
COMMIT
SET AUTOCOMMIT TRUE
/*C2*/INSERT INTO OFSECURITYAUDITLOG VALUES(11,'admin',1614718780939,'created new user pass','60ef9ac3771f','name = pass, email = pass@iot.com, admin = false')
/*C1*/DELETE FROM OFPRESENCE WHERE USERNAME='bdd'
/*C3*/INSERT INTO OFPRESENCE VALUES('bdd',NULL,'001614718801722')
/*C2*/DELETE FROM OFPRESENCE WHERE USERNAME='bdd'
INSERT INTO OFPRESENCE VALUES('bdd',NULL,'001614718813826')
DELETE FROM OFPRESENCE WHERE USERNAME='bdd'
INSERT INTO OFPRESENCE VALUES('bdd',NULL,'001614718851923')
/*C1*/DELETE FROM OFPRESENCE WHERE USERNAME='bdd'
/*C3*/INSERT INTO OFPRESENCE VALUES('bdd',NULL,'001614718862045')
/*C1*/SET AUTOCOMMIT FALSE
SET AUTOCOMMIT TRUE
DELETE FROM OFPRESENCE WHERE USERNAME='bdd'
INSERT INTO OFPRESENCE VALUES('bdd',NULL,'001614719268667')
/*C3*/DELETE FROM OFPRESENCE WHERE USERNAME='bdd'
/*C2*/INSERT INTO OFPRESENCE VALUES('bdd',NULL,'001614719282634')
/*C3*/SET AUTOCOMMIT FALSE
SET AUTOCOMMIT TRUE
/*C2*/DELETE FROM OFPRESENCE WHERE USERNAME='bdd'
/*C1*/INSERT INTO OFPRESENCE VALUES('bdd',NULL,'001614719297962')
/*C3*/DELETE FROM OFPRESENCE WHERE USERNAME='bdd'
/*C2*/INSERT INTO OFPRESENCE VALUES('bdd',NULL,'001614719303546')
